<?xml version="1.0" encoding="UTF-8"?>
<testng-results ignored="0" total="2" passed="2" failed="0" skipped="0">
  <reporter-output>
  </reporter-output>
  <suite started-at="2024-01-28T22:25:21 IST" name="Suite" finished-at="2024-01-28T22:25:49 IST" duration-ms="27363">
    <groups>
    </groups>
    <test started-at="2024-01-28T22:25:21 IST" name="Test" finished-at="2024-01-28T22:25:49 IST" duration-ms="27363">
      <class name="com.mavenTest.TC_userlogin">
        <test-method signature="userLogin()[pri:0, instance:com.mavenTest.TC_userlogin@5b03b9fe]" started-at="2024-01-28T22:25:21 IST" name="userLogin" finished-at="2024-01-28T22:25:49 IST" duration-ms="27309" status="PASS">
          <reporter-output>
          </reporter-output>
        </test-method> <!-- userLogin -->
      </class> <!-- com.mavenTest.TC_userlogin -->
      <class name="com.mavenTest.userLoginTest">
        <test-method signature="userLoginTestSuccess()[pri:0, instance:com.mavenTest.userLoginTest@4dbb42b7]" started-at="2024-01-28T22:25:49 IST" name="userLoginTestSuccess" finished-at="2024-01-28T22:25:49 IST" duration-ms="6" status="PASS">
          <reporter-output>
          </reporter-output>
        </test-method> <!-- userLoginTestSuccess -->
      </class> <!-- com.mavenTest.userLoginTest -->
    </test> <!-- Test -->
  </suite> <!-- Suite -->
</testng-results>
