<?xml version="1.0" encoding="UTF-8"?>
<testng-results ignored="0" total="2" passed="2" failed="0" skipped="0">
  <reporter-output>
  </reporter-output>
  <suite started-at="2024-01-25T00:38:48 IST" name="Suite" finished-at="2024-01-25T00:39:01 IST" duration-ms="13062">
    <groups>
    </groups>
    <test started-at="2024-01-25T00:38:48 IST" name="Test" finished-at="2024-01-25T00:39:01 IST" duration-ms="13062">
      <class name="com.mavenTest.TC_userlogin">
        <test-method signature="userLogin()[pri:0, instance:com.mavenTest.TC_userlogin@4550bb58]" started-at="2024-01-25T00:38:48 IST" name="userLogin" finished-at="2024-01-25T00:39:01 IST" duration-ms="13003" status="PASS">
          <reporter-output>
          </reporter-output>
        </test-method> <!-- userLogin -->
      </class> <!-- com.mavenTest.TC_userlogin -->
      <class name="com.mavenTest.userLoginTest">
        <test-method signature="userLoginTestSuccess()[pri:0, instance:com.mavenTest.userLoginTest@1a482e36]" started-at="2024-01-25T00:39:01 IST" name="userLoginTestSuccess" finished-at="2024-01-25T00:39:01 IST" duration-ms="11" status="PASS">
          <reporter-output>
          </reporter-output>
        </test-method> <!-- userLoginTestSuccess -->
      </class> <!-- com.mavenTest.userLoginTest -->
    </test> <!-- Test -->
  </suite> <!-- Suite -->
</testng-results>
